mobile/android/app/build/intermediates/manifest_merge_blame_file/debug/processDebugMainManifest/manifest-merger-blame-debug-report.txt
1<?xml version="1.0" encoding="utf-8"?>
2<manifest xmlns:android="http://schemas.android.com/apk/res/android"
3    package="test.check.inspections"
4    android:versionCode="1"
5    android:versionName="0.1.0" >
6
7    <uses-sdk
8        android:minSdkVersion="26"
9        android:targetSdkVersion="35" />
10
11    <uses-permission android:name="android.permission.INTERNET" />
11-->src/main/AndroidManifest.xml:4:5-67
11-->src/main/AndroidManifest.xml:4:22-64
12    <uses-permission android:name="android.permission.ACCESS_NETWORK_STATE" />
12-->src/main/AndroidManifest.xml:5:5-79
12-->src/main/AndroidManifest.xml:5:22-76
13
14    <uses-feature
14-->src/main/AndroidManifest.xml:6:5-85
15        android:name="android.hardware.camera"
15-->src/main/AndroidManifest.xml:6:19-57
16        android:required="false" />
16-->src/main/AndroidManifest.xml:6:58-82
17
18    <permission
18-->[androidx.core:core:1.15.0] AndroidManifest.xml:22:5-24:47
19        android:name="test.check.inspections.DYNAMIC_RECEIVER_NOT_EXPORTED_PERMISSION"
19-->[androidx.core:core:1.15.0] AndroidManifest.xml:23:9-81
20        android:protectionLevel="signature" />
20-->[androidx.core:core:1.15.0] AndroidManifest.xml:24:9-44
21
22    <uses-permission android:name="test.check.inspections.DYNAMIC_RECEIVER_NOT_EXPORTED_PERMISSION" />
22-->[androidx.core:core:1.15.0] AndroidManifest.xml:26:5-97
22-->[androidx.core:core:1.15.0] AndroidManifest.xml:26:22-94
23
24    <supports-screens
24-->[org.osmdroid:osmdroid-android:6.1.20] AndroidManifest.xml:9:5-12:40
25        android:anyDensity="true"
25-->[org.osmdroid:osmdroid-android:6.1.20] AndroidManifest.xml:10:9-34
26        android:largeScreens="true"
26-->[org.osmdroid:osmdroid-android:6.1.20] AndroidManifest.xml:11:9-36
27        android:normalScreens="true" />
27-->[org.osmdroid:osmdroid-android:6.1.20] AndroidManifest.xml:12:9-37
28
29    <uses-feature
29-->[org.osmdroid:osmdroid-android:6.1.20] AndroidManifest.xml:14:5-16:36
30        android:name="android.hardware.location.network"
30-->[org.osmdroid:osmdroid-android:6.1.20] AndroidManifest.xml:15:9-57
31        android:required="false" />
31-->[org.osmdroid:osmdroid-android:6.1.20] AndroidManifest.xml:16:9-33
32    <uses-feature
32-->[org.osmdroid:osmdroid-android:6.1.20] AndroidManifest.xml:17:5-19:36
33        android:name="android.hardware.location.gps"
33-->[org.osmdroid:osmdroid-android:6.1.20] AndroidManifest.xml:18:9-53
34        android:required="false" />
34-->[org.osmdroid:osmdroid-android:6.1.20] AndroidManifest.xml:19:9-33
35    <uses-feature
35-->[org.osmdroid:osmdroid-android:6.1.20] AndroidManifest.xml:20:5-22:36
36        android:name="android.hardware.telephony"
36-->[org.osmdroid:osmdroid-android:6.1.20] AndroidManifest.xml:21:9-50
37        android:required="false" />
37-->[org.osmdroid:osmdroid-android:6.1.20] AndroidManifest.xml:22:9-33
38    <uses-feature
38-->[org.osmdroid:osmdroid-android:6.1.20] AndroidManifest.xml:23:5-25:36
39        android:name="android.hardware.wifi"
39-->[org.osmdroid:osmdroid-android:6.1.20] AndroidManifest.xml:24:9-45
40        android:required="false" />
40-->[org.osmdroid:osmdroid-android:6.1.20] AndroidManifest.xml:25:9-33
41
42    <application
42-->src/main/AndroidManifest.xml:8:5-34:19
43        android:allowBackup="true"
43-->src/main/AndroidManifest.xml:9:9-35
44        android:appComponentFactory="androidx.core.app.CoreComponentFactory"
44-->[androidx.core:core:1.15.0] AndroidManifest.xml:28:18-86
45        android:debuggable="true"
46        android:extractNativeLibs="false"
47        android:label="CHECK"
47-->src/main/AndroidManifest.xml:10:9-30
48        android:networkSecurityConfig="@xml/network_security_config"
48-->src/main/AndroidManifest.xml:11:9-69
49        android:supportsRtl="true"
49-->src/main/AndroidManifest.xml:12:9-35
50        android:theme="@style/Theme.CheckInspections" >
50-->src/main/AndroidManifest.xml:13:9-54
51        <activity
51-->src/main/AndroidManifest.xml:14:9-22:20
52            android:name="test.check.inspections.MainActivity"
52-->src/main/AndroidManifest.xml:15:13-41
53            android:exported="true"
53-->src/main/AndroidManifest.xml:16:13-36
54            android:label="CHECK" >
54-->src/main/AndroidManifest.xml:17:13-34
55            <intent-filter>
55-->src/main/AndroidManifest.xml:18:13-21:29
56                <action android:name="android.intent.action.MAIN" />
56-->src/main/AndroidManifest.xml:19:17-69
56-->src/main/AndroidManifest.xml:19:25-66
57
58                <category android:name="android.intent.category.LAUNCHER" />
58-->src/main/AndroidManifest.xml:20:17-77
58-->src/main/AndroidManifest.xml:20:27-74
59            </intent-filter>
60        </activity>
61
62        <!-- Lets the camera app write captured photos to our cache dir. -->
63        <provider
64            android:name="androidx.core.content.FileProvider"
64-->src/main/AndroidManifest.xml:26:13-62
65            android:authorities="test.check.inspections.fileprovider"
65-->src/main/AndroidManifest.xml:27:13-64
66            android:exported="false"
66-->src/main/AndroidManifest.xml:28:13-37
67            android:grantUriPermissions="true" >
67-->src/main/AndroidManifest.xml:29:13-47
68            <meta-data
68-->src/main/AndroidManifest.xml:30:13-32:54
69                android:name="android.support.FILE_PROVIDER_PATHS"
69-->src/main/AndroidManifest.xml:31:17-67
70                android:resource="@xml/file_paths" />
70-->src/main/AndroidManifest.xml:32:17-51
71        </provider>
72        <provider
72-->[androidx.emoji2:emoji2:1.3.0] AndroidManifest.xml:24:9-32:20
73            android:name="androidx.startup.InitializationProvider"
73-->[androidx.emoji2:emoji2:1.3.0] AndroidManifest.xml:25:13-67
74            android:authorities="test.check.inspections.androidx-startup"
74-->[androidx.emoji2:emoji2:1.3.0] AndroidManifest.xml:26:13-68
75            android:exported="false" >
75-->[androidx.emoji2:emoji2:1.3.0] AndroidManifest.xml:27:13-37
76            <meta-data
76-->[androidx.emoji2:emoji2:1.3.0] AndroidManifest.xml:29:13-31:52
77                android:name="androidx.emoji2.text.EmojiCompatInitializer"
77-->[androidx.emoji2:emoji2:1.3.0] AndroidManifest.xml:30:17-75
78                android:value="androidx.startup" />
78-->[androidx.emoji2:emoji2:1.3.0] AndroidManifest.xml:31:17-49
79            <meta-data
79-->[androidx.lifecycle:lifecycle-process:2.8.7] AndroidManifest.xml:29:13-31:52
80                android:name="androidx.lifecycle.ProcessLifecycleInitializer"
80-->[androidx.lifecycle:lifecycle-process:2.8.7] AndroidManifest.xml:30:17-78
81                android:value="androidx.startup" />
81-->[androidx.lifecycle:lifecycle-process:2.8.7] AndroidManifest.xml:31:17-49
82            <meta-data
82-->[androidx.profileinstaller:profileinstaller:1.3.1] AndroidManifest.xml:29:13-31:52
83                android:name="androidx.profileinstaller.ProfileInstallerInitializer"
83-->[androidx.profileinstaller:profileinstaller:1.3.1] AndroidManifest.xml:30:17-85
84                android:value="androidx.startup" />
84-->[androidx.profileinstaller:profileinstaller:1.3.1] AndroidManifest.xml:31:17-49
85        </provider>
86
87        <receiver
87-->[androidx.profileinstaller:profileinstaller:1.3.1] AndroidManifest.xml:34:9-52:20
88            android:name="androidx.profileinstaller.ProfileInstallReceiver"
88-->[androidx.profileinstaller:profileinstaller:1.3.1] AndroidManifest.xml:35:13-76
89            android:directBootAware="false"
89-->[androidx.profileinstaller:profileinstaller:1.3.1] AndroidManifest.xml:36:13-44
90            android:enabled="true"
90-->[androidx.profileinstaller:profileinstaller:1.3.1] AndroidManifest.xml:37:13-35
91            android:exported="true"
91-->[androidx.profileinstaller:profileinstaller:1.3.1] AndroidManifest.xml:38:13-36
92            android:permission="android.permission.DUMP" >
92-->[androidx.profileinstaller:profileinstaller:1.3.1] AndroidManifest.xml:39:13-57
93            <intent-filter>
93-->[androidx.profileinstaller:profileinstaller:1.3.1] AndroidManifest.xml:40:13-42:29
94                <action android:name="androidx.profileinstaller.action.INSTALL_PROFILE" />
94-->[androidx.profileinstaller:profileinstaller:1.3.1] AndroidManifest.xml:41:17-91
94-->[androidx.profileinstaller:profileinstaller:1.3.1] AndroidManifest.xml:41:25-88
95            </intent-filter>
96            <intent-filter>
96-->[androidx.profileinstaller:profileinstaller:1.3.1] AndroidManifest.xml:43:13-45:29
97                <action android:name="androidx.profileinstaller.action.SKIP_FILE" />
97-->[androidx.profileinstaller:profileinstaller:1.3.1] AndroidManifest.xml:44:17-85
97-->[androidx.profileinstaller:profileinstaller:1.3.1] AndroidManifest.xml:44:25-82
98            </intent-filter>
99            <intent-filter>
99-->[androidx.profileinstaller:profileinstaller:1.3.1] AndroidManifest.xml:46:13-48:29
100                <action android:name="androidx.profileinstaller.action.SAVE_PROFILE" />
100-->[androidx.profileinstaller:profileinstaller:1.3.1] AndroidManifest.xml:47:17-88
100-->[androidx.profileinstaller:profileinstaller:1.3.1] AndroidManifest.xml:47:25-85
101            </intent-filter>
102            <intent-filter>
102-->[androidx.profileinstaller:profileinstaller:1.3.1] AndroidManifest.xml:49:13-51:29
103                <action android:name="androidx.profileinstaller.action.BENCHMARK_OPERATION" />
103-->[androidx.profileinstaller:profileinstaller:1.3.1] AndroidManifest.xml:50:17-95
103-->[androidx.profileinstaller:profileinstaller:1.3.1] AndroidManifest.xml:50:25-92
104            </intent-filter>
105        </receiver>
106    </application>
107
108</manifest>